{
  "0 debug pnpm:scope": {
    "selected": 1
  },
  "1 debug pnpm:package-manifest": {
    "initial": {
      "name": "front",
      "version": "1.0.0",
      "description": "",
      "main": "index.js",
      "scripts": {
        "test": "echo \"Error: no test specified\" && exit 1"
      },
      "keywords": [],
      "author": "",
      "license": "ISC",
      "dependencies": {
        "back": "workspace:*"
      }
    },
    "prefix": "/Users/tom/code/buildr/front"
  },
  "2 debug pnpm:context": {
    "currentLockfileExists": false,
    "storeDir": "/Users/tom/.pnpm-store/v3",
    "virtualStoreDir": "/Users/tom/code/buildr/front/node_modules/.pnpm"
  },
  "3 debug pnpm:stage": {
    "prefix": "/Users/tom/code/buildr/front",
    "stage": "resolution_started"
  },
  "4 error pnpm": {
    "code": "ERR_PNPM_NO_MATCHING_VERSION_INSIDE_WORKSPACE",
    "pkgsStack": [],
    "err": {
      "name": "pnpm",
      "message": "In : No matching version found for back@* inside the workspace",
      "code": "ERR_PNPM_NO_MATCHING_VERSION_INSIDE_WORKSPACE",
      "stack": "pnpm: In : No matching version found for back@* inside the workspace\n    at tryResolveFromWorkspace (/Users/tom/.nvm/versions/node/v16.11.1/lib/node_modules/pnpm/dist/pnpm.cjs:85313:15)\n    at resolveNpm (/Users/tom/.nvm/versions/node/v16.11.1/lib/node_modules/pnpm/dist/pnpm.cjs:85215:39)\n    at Object.resolve (/Users/tom/.nvm/versions/node/v16.11.1/lib/node_modules/pnpm/dist/pnpm.cjs:85427:40)\n    at ctx.requestsQueue.add.priority (/Users/tom/.nvm/versions/node/v16.11.1/lib/node_modules/pnpm/dist/pnpm.cjs:71605:75)\n    at run (/Users/tom/.nvm/versions/node/v16.11.1/lib/node_modules/pnpm/dist/pnpm.cjs:71352:90)\n    at PQueue._tryToStartAnother (/Users/tom/.nvm/versions/node/v16.11.1/lib/node_modules/pnpm/dist/pnpm.cjs:71306:13)\n    at /Users/tom/.nvm/versions/node/v16.11.1/lib/node_modules/pnpm/dist/pnpm.cjs:71365:16\n    at new Promise (<anonymous>)\n    at PQueue.add (/Users/tom/.nvm/versions/node/v16.11.1/lib/node_modules/pnpm/dist/pnpm.cjs:71347:16)\n    at resolveAndFetch (/Users/tom/.nvm/versions/node/v16.11.1/lib/node_modules/pnpm/dist/pnpm.cjs:71605:55)"
    }
  }
}